c:\users\david\source\repos\audioswitch\audioswitch\x64\release\audioswitch.pch
c:\users\david\source\repos\audioswitch\audioswitch\x64\release\vc143.pdb
c:\users\david\source\repos\audioswitch\audioswitch\x64\release\pch.obj
c:\users\david\source\repos\audioswitch\audioswitch\x64\release\form1.obj
c:\users\david\source\repos\audioswitch\audioswitch\x64\release\cppclr_winformsproject.obj
c:\users\david\source\repos\audioswitch\audioswitch\x64\release\assemblyinfo.obj
c:\users\david\source\repos\audioswitch\audioswitch\x64\release\.netframework,version=v4.7.2.assemblyattributes.obj
c:\users\david\source\repos\audioswitch\x64\release\audioswitch.exe
c:\users\david\source\repos\audioswitch\x64\release\audioswitch.pdb
c:\users\david\source\repos\audioswitch\audioswitch\x64\release\app.res
c:\users\david\source\repos\audioswitch\audioswitch\x64\release\audioswitch.tlog\cl.command.1.tlog
c:\users\david\source\repos\audioswitch\audioswitch\x64\release\audioswitch.tlog\cl.read.1.tlog
c:\users\david\source\repos\audioswitch\audioswitch\x64\release\audioswitch.tlog\cl.write.1.tlog
c:\users\david\source\repos\audioswitch\audioswitch\x64\release\audioswitch.tlog\link.command.1.tlog
c:\users\david\source\repos\audioswitch\audioswitch\x64\release\audioswitch.tlog\link.read.1.tlog
c:\users\david\source\repos\audioswitch\audioswitch\x64\release\audioswitch.tlog\link.write.1.tlog
c:\users\david\source\repos\audioswitch\audioswitch\x64\release\audioswitch.tlog\metagen.read.1.tlog
c:\users\david\source\repos\audioswitch\audioswitch\x64\release\audioswitch.tlog\metagen.write.1.tlog
c:\users\david\source\repos\audioswitch\audioswitch\x64\release\audioswitch.tlog\rc.command.1.tlog
c:\users\david\source\repos\audioswitch\audioswitch\x64\release\audioswitch.tlog\rc.read.1.tlog
c:\users\david\source\repos\audioswitch\audioswitch\x64\release\audioswitch.tlog\rc.write.1.tlog
c:\users\david\source\repos\audioswitch\audioswitch\x64\release\audioswitch.tlog\resgen.command.1.tlog
c:\users\david\source\repos\audioswitch\audioswitch\x64\release\audioswitch.tlog\resgen.read.1.tlog
c:\users\david\source\repos\audioswitch\audioswitch\x64\release\audioswitch.tlog\resgen.write.1.tlog
